This is pdfTeX, Version 3.1415926-1.40.10 (TeX Live 2009/Debian) (format=pdflatex 2012.6.1)  8 JUN 2012 09:53
entering extended mode
 %&-line parsing enabled.
**spec_doc.tex
(./spec_doc.tex
LaTeX2e <2009/09/24>
Babel <v3.8l> and hyphenation patterns for english, usenglishmax, dumylang, noh
yphenation, loaded.
(/usr/share/texmf-texlive/tex/latex/base/report.cls
Document Class: report 2007/10/19 v1.4h Standard LaTeX document class
(/usr/share/texmf-texlive/tex/latex/base/size10.clo
File: size10.clo 2007/10/19 v1.4h Standard LaTeX file (size option)
)
\c@part=\count79
\c@chapter=\count80
\c@section=\count81
\c@subsection=\count82
\c@subsubsection=\count83
\c@paragraph=\count84
\c@subparagraph=\count85
\c@figure=\count86
\c@table=\count87
\abovecaptionskip=\skip41
\belowcaptionskip=\skip42
\bibindent=\dimen102
) (./spec_doc.aux)
\openout1 = `spec_doc.aux'.

LaTeX Font Info:    Checking defaults for OML/cmm/m/it on input line 4.
LaTeX Font Info:    ... okay on input line 4.
LaTeX Font Info:    Checking defaults for T1/cmr/m/n on input line 4.
LaTeX Font Info:    ... okay on input line 4.
LaTeX Font Info:    Checking defaults for OT1/cmr/m/n on input line 4.
LaTeX Font Info:    ... okay on input line 4.
LaTeX Font Info:    Checking defaults for OMS/cmsy/m/n on input line 4.
LaTeX Font Info:    ... okay on input line 4.
LaTeX Font Info:    Checking defaults for OMX/cmex/m/n on input line 4.
LaTeX Font Info:    ... okay on input line 4.
LaTeX Font Info:    Checking defaults for U/cmr/m/n on input line 4.
LaTeX Font Info:    ... okay on input line 4.
LaTeX Font Info:    External font `cmex10' loaded for size
(Font)              <12> on input line 8.
LaTeX Font Info:    External font `cmex10' loaded for size
(Font)              <8> on input line 8.
LaTeX Font Info:    External font `cmex10' loaded for size
(Font)              <6> on input line 8.
 [1

{/var/lib/texmf/fonts/map/pdftex/updmap/pdftex.map}] (./spec_doc.toc
LaTeX Font Info:    External font `cmex10' loaded for size
(Font)              <7> on input line 4.
LaTeX Font Info:    External font `cmex10' loaded for size
(Font)              <5> on input line 4.
)
\tf@toc=\write3
\openout3 = `spec_doc.toc'.

 [1

]
Chapter 1.
[2

]
Chapter 2.
[3

]
Chapter 3.
[4

]
Chapter 4.

Overfull \hbox (1.49698pt too wide) in paragraph at lines 36--36
[]\OT1/cmtt/m/n/10 The file you attemtped to upload was larger than the allowed
 20MB. 
 []

[5

]
Chapter 5.
[6

]
Chapter 6.
[7

]
Chapter 7.
[8

] (./spec_doc.aux) ) 
Here is how much of TeX's memory you used:
 260 strings out of 495061
 2789 string characters out of 1182622
 48386 words of memory out of 3000000
 3508 multiletter control sequences out of 15000+50000
 8968 words of font info for 32 fonts, out of 3000000 for 9000
 28 hyphenation exceptions out of 8191
 23i,6n,18p,620b,179s stack positions out of 5000i,500n,10000p,200000b,50000s
</usr/share/texmf-texlive/fonts/type1/public/amsfonts/cm/cm
bx10.pfb></usr/share/texmf-texlive/fonts/type1/public/amsfonts/cm/cmbx12.pfb></
usr/share/texmf-texlive/fonts/type1/public/amsfonts/cm/cmr10.pfb></usr/share/te
xmf-texlive/fonts/type1/public/amsfonts/cm/cmr12.pfb></usr/share/texmf-texlive/
fonts/type1/public/amsfonts/cm/cmr17.pfb></usr/share/texmf-texlive/fonts/type1/
public/amsfonts/cm/cmtt10.pfb>
Output written on spec_doc.pdf (9 pages, 98398 bytes).
PDF statistics:
 56 PDF objects out of 1000 (max. 8388607)
 0 named destinations out of 1000 (max. 500000)
 1 words of extra memory for PDF output out of 10000 (max. 10000000)

